
*******************************************************************************
after parsing
test(LongWord):DWord;
*******************************************************************************
(blockn, resultdef = $void = "untyped", pos = (10,1), loc = LOC_INVALID, expectloc = LOC_INVALID, flags = [], cmplx = 6
   (statementn, resultdef = <nil>, pos = (11,9), loc = LOC_INVALID, expectloc = LOC_INVALID, flags = [], cmplx = 6
      (assignn, resultdef = $void = "untyped", pos = (11,2), loc = LOC_INVALID, expectloc = LOC_INVALID, flags = [], cmplx = 2
         (loadn, resultdef = LongWord = "DWord", pos = (11,2), loc = LOC_INVALID, expectloc = LOC_INVALID, flags = [nf_write], cmplx = 1
            nil
            symbol = X
         )
         (ordconstn, resultdef = LongWord = "DWord", pos = (11,7), loc = LOC_INVALID, expectloc = LOC_INVALID, flags = [], cmplx = 0
            value = 99
         )
      )

   )
   (statementn, resultdef = <nil>, pos = (12,15), loc = LOC_INVALID, expectloc = LOC_INVALID, flags = [], cmplx = 4
      (assignn, resultdef = $void = "untyped", pos = (12,2), loc = LOC_INVALID, expectloc = LOC_INVALID, flags = [], cmplx = 4
         (typeconvn, resultdef = LongWord = "DWord", pos = (12,2), loc = LOC_INVALID, expectloc = LOC_INVALID, flags = [nf_absolute], cmplx = 1, convtype = tc_equal, convnodeflags = []
            (loadn, resultdef = LongWord = "DWord", pos = (12,7), loc = LOC_INVALID, expectloc = LOC_INVALID, flags = [nf_write], cmplx = 1
               nil
               symbol = result
            )
         )
         (typeconvn, resultdef = LongWord = "DWord", pos = (12,12), loc = LOC_INVALID, expectloc = LOC_INVALID, flags = [], cmplx = 2, convtype = tc_int_2_int, convnodeflags = []
            (subn, resultdef = LongInt = "LongInt", pos = (12,12), loc = LOC_INVALID, expectloc = LOC_INVALID, flags = [], cmplx = 2
               (typeconvn, resultdef = LongInt = "LongInt", pos = (12,10), loc = LOC_INVALID, expectloc = LOC_INVALID, flags = [], cmplx = 1, convtype = tc_int_2_int, convnodeflags = []
                  (loadn, resultdef = LongWord = "DWord", pos = (12,10), loc = LOC_INVALID, expectloc = LOC_INVALID, flags = [], cmplx = 1
                     nil
                     symbol = X
                  )
               )
               (ordconstn, resultdef = LongInt = "LongInt", pos = (12,14), loc = LOC_INVALID, expectloc = LOC_INVALID, flags = [nf_explicit], cmplx = 0
                  value = 9
               )
            )
         )
      )

   )
)

*******************************************************************************
after the firstpass
test(LongWord):DWord;
*******************************************************************************
(blockn, resultdef = $void = "untyped", pos = (10,1), loc = LOC_INVALID, expectloc = LOC_VOID, flags = [nf_pass1_done,nf_usercode_entry], cmplx = 6
   (statementn, resultdef = <nil>, pos = (11,9), loc = LOC_INVALID, expectloc = LOC_VOID, flags = [], cmplx = 6
      (assignn, resultdef = $void = "untyped", pos = (11,2), loc = LOC_INVALID, expectloc = LOC_VOID, flags = [nf_pass1_done], cmplx = 2
         (loadn, resultdef = LongWord = "DWord", pos = (11,2), loc = LOC_INVALID, expectloc = LOC_REF, flags = [nf_pass1_done,nf_write], cmplx = 1
            nil
            symbol = X
         )
         (ordconstn, resultdef = LongWord = "DWord", pos = (11,7), loc = LOC_INVALID, expectloc = LOC_CONST, flags = [nf_pass1_done], cmplx = 0
            value = 99
         )
      )

   )
   (statementn, resultdef = <nil>, pos = (12,15), loc = LOC_INVALID, expectloc = LOC_VOID, flags = [], cmplx = 4
      (assignn, resultdef = $void = "untyped", pos = (12,2), loc = LOC_INVALID, expectloc = LOC_VOID, flags = [nf_pass1_done], cmplx = 4
         (typeconvn, resultdef = LongWord = "DWord", pos = (12,2), loc = LOC_INVALID, expectloc = LOC_REF, flags = [nf_pass1_done,nf_absolute], cmplx = 1, convtype = tc_equal, convnodeflags = []
            (loadn, resultdef = LongWord = "DWord", pos = (12,7), loc = LOC_INVALID, expectloc = LOC_REF, flags = [nf_pass1_done,nf_write], cmplx = 1
               nil
               symbol = result
            )
         )
         (typeconvn, resultdef = LongWord = "DWord", pos = (12,12), loc = LOC_INVALID, expectloc = LOC_REG, flags = [nf_pass1_done], cmplx = 2, convtype = tc_int_2_int, convnodeflags = []
            (subn, resultdef = LongInt = "LongInt", pos = (12,12), loc = LOC_INVALID, expectloc = LOC_REG, flags = [nf_pass1_done], cmplx = 2
               (typeconvn, resultdef = LongInt = "LongInt", pos = (12,10), loc = LOC_INVALID, expectloc = LOC_REF, flags = [nf_pass1_done], cmplx = 1, convtype = tc_int_2_int, convnodeflags = []
                  (loadn, resultdef = LongWord = "DWord", pos = (12,10), loc = LOC_INVALID, expectloc = LOC_REF, flags = [nf_pass1_done], cmplx = 1
                     nil
                     symbol = X
                  )
               )
               (ordconstn, resultdef = LongInt = "LongInt", pos = (12,14), loc = LOC_INVALID, expectloc = LOC_CONST, flags = [nf_pass1_done,nf_explicit], cmplx = 0
                  value = 9
               )
            )
         )
      )

   )
)

*******************************************************************************
right before code generation
test(LongWord):DWord;
*******************************************************************************
(blockn, resultdef = $void = "untyped", pos = (10,1), loc = LOC_INVALID, expectloc = LOC_VOID, flags = [nf_pass1_done], cmplx = 255
   (statementn, resultdef = <nil>, pos = (10,1), loc = LOC_INVALID, expectloc = LOC_VOID, flags = [], cmplx = 255
      (nothingn, resultdef = $void = "untyped", pos = (10,1), loc = LOC_INVALID, expectloc = LOC_VOID, flags = [nf_pass1_done], cmplx = 0
      )

   )
   (statementn, resultdef = <nil>, pos = (10,1), loc = LOC_INVALID, expectloc = LOC_VOID, flags = [], cmplx = 255
      (asmn, resultdef = $void = "untyped", pos = (10,1), loc = LOC_INVALID, expectloc = LOC_VOID, flags = [nf_pass1_done,nf_get_asm_position], cmplx = 255
      )

   )
   (statementn, resultdef = <nil>, pos = (10,1), loc = LOC_INVALID, expectloc = LOC_VOID, flags = [], cmplx = 255
      (asmn, resultdef = $void = "untyped", pos = (10,1), loc = LOC_INVALID, expectloc = LOC_VOID, flags = [nf_pass1_done,nf_get_asm_position], cmplx = 255
      )

   )
   (statementn, resultdef = <nil>, pos = (10,1), loc = LOC_INVALID, expectloc = LOC_VOID, flags = [], cmplx = 255
      (asmn, resultdef = $void = "untyped", pos = (10,1), loc = LOC_INVALID, expectloc = LOC_VOID, flags = [nf_pass1_done,nf_get_asm_position], cmplx = 255
      )

   )
   (statementn, resultdef = <nil>, pos = (10,1), loc = LOC_INVALID, expectloc = LOC_VOID, flags = [], cmplx = 255
      (asmn, resultdef = $void = "untyped", pos = (10,1), loc = LOC_INVALID, expectloc = LOC_VOID, flags = [nf_pass1_done,nf_get_asm_position], cmplx = 255
      )

   )
   (statementn, resultdef = <nil>, pos = (10,1), loc = LOC_INVALID, expectloc = LOC_VOID, flags = [], cmplx = 255
      (blockn, resultdef = $void = "untyped", pos = (10,1), loc = LOC_INVALID, expectloc = LOC_VOID, flags = [nf_pass1_done], cmplx = 0
         nil
      )

   )
   (statementn, resultdef = <nil>, pos = (10,1), loc = LOC_INVALID, expectloc = LOC_VOID, flags = [], cmplx = 255
      (blockn, resultdef = $void = "untyped", pos = (10,1), loc = LOC_INVALID, expectloc = LOC_VOID, flags = [nf_pass1_done,nf_usercode_entry], cmplx = 6
         (statementn, resultdef = <nil>, pos = (11,9), loc = LOC_INVALID, expectloc = LOC_VOID, flags = [], cmplx = 6
            (assignn, resultdef = $void = "untyped", pos = (11,2), loc = LOC_INVALID, expectloc = LOC_VOID, flags = [nf_pass1_done], cmplx = 2
               (loadn, resultdef = LongWord = "DWord", pos = (11,2), loc = LOC_INVALID, expectloc = LOC_REF, flags = [nf_pass1_done,nf_write], cmplx = 1
                  nil
                  symbol = X
               )
               (ordconstn, resultdef = LongWord = "DWord", pos = (11,7), loc = LOC_INVALID, expectloc = LOC_CONST, flags = [nf_pass1_done], cmplx = 0
                  value = 99
               )
            )

         )
         (statementn, resultdef = <nil>, pos = (12,15), loc = LOC_INVALID, expectloc = LOC_VOID, flags = [], cmplx = 4
            (assignn, resultdef = $void = "untyped", pos = (12,2), loc = LOC_INVALID, expectloc = LOC_VOID, flags = [nf_pass1_done], cmplx = 4
               (typeconvn, resultdef = LongWord = "DWord", pos = (12,2), loc = LOC_INVALID, expectloc = LOC_REF, flags = [nf_pass1_done,nf_absolute], cmplx = 1, convtype = tc_equal, convnodeflags = []
                  (loadn, resultdef = LongWord = "DWord", pos = (12,7), loc = LOC_INVALID, expectloc = LOC_REF, flags = [nf_pass1_done,nf_write], cmplx = 1
                     nil
                     symbol = result
                  )
               )
               (typeconvn, resultdef = LongWord = "DWord", pos = (12,12), loc = LOC_INVALID, expectloc = LOC_REG, flags = [nf_pass1_done], cmplx = 2, convtype = tc_int_2_int, convnodeflags = []
                  (subn, resultdef = LongInt = "LongInt", pos = (12,12), loc = LOC_INVALID, expectloc = LOC_REG, flags = [nf_pass1_done], cmplx = 2
                     (typeconvn, resultdef = LongInt = "LongInt", pos = (12,10), loc = LOC_INVALID, expectloc = LOC_REF, flags = [nf_pass1_done], cmplx = 1, convtype = tc_int_2_int, convnodeflags = []
                        (loadn, resultdef = LongWord = "DWord", pos = (12,10), loc = LOC_INVALID, expectloc = LOC_REF, flags = [nf_pass1_done], cmplx = 1
                           nil
                           symbol = X
                        )
                     )
                     (ordconstn, resultdef = LongInt = "LongInt", pos = (12,14), loc = LOC_INVALID, expectloc = LOC_CONST, flags = [nf_pass1_done,nf_explicit], cmplx = 0
                        value = 9
                     )
                  )
               )
            )

         )
      )

   )
   (statementn, resultdef = <nil>, pos = (13,1), loc = LOC_INVALID, expectloc = LOC_VOID, flags = [], cmplx = 255
      (asmn, resultdef = $void = "untyped", pos = (13,1), loc = LOC_INVALID, expectloc = LOC_VOID, flags = [nf_pass1_done,nf_get_asm_position], cmplx = 255
      )

   )
   (statementn, resultdef = <nil>, pos = (13,1), loc = LOC_INVALID, expectloc = LOC_VOID, flags = [], cmplx = 255
      (blockn, resultdef = $void = "untyped", pos = (13,1), loc = LOC_INVALID, expectloc = LOC_VOID, flags = [nf_pass1_done], cmplx = 0
         nil
      )

   )
   (statementn, resultdef = <nil>, pos = (13,1), loc = LOC_INVALID, expectloc = LOC_VOID, flags = [], cmplx = 255
      (asmn, resultdef = $void = "untyped", pos = (13,1), loc = LOC_INVALID, expectloc = LOC_VOID, flags = [nf_pass1_done,nf_get_asm_position], cmplx = 255
      )

   )
)

*******************************************************************************
after parsing
$main; Register;
*******************************************************************************
(blockn, resultdef = $void = "untyped", pos = (15,1), loc = LOC_INVALID, expectloc = LOC_INVALID, flags = [], cmplx = 255
   (statementn, resultdef = <nil>, pos = (16,8), loc = LOC_INVALID, expectloc = LOC_INVALID, flags = [], cmplx = 255
      (assignn, resultdef = $void = "untyped", pos = (16,2), loc = LOC_INVALID, expectloc = LOC_INVALID, flags = [], cmplx = 2
         (loadn, resultdef = LongWord = "DWord", pos = (16,2), loc = LOC_INVALID, expectloc = LOC_INVALID, flags = [nf_write], cmplx = 1
            nil
            symbol = Y
         )
         (ordconstn, resultdef = LongWord = "DWord", pos = (16,7), loc = LOC_INVALID, expectloc = LOC_INVALID, flags = [], cmplx = 0
            value = 6
         )
      )

   )
   (statementn, resultdef = <nil>, pos = (17,12), loc = LOC_INVALID, expectloc = LOC_INVALID, flags = [], cmplx = 255
      (assignn, resultdef = $void = "untyped", pos = (17,2), loc = LOC_INVALID, expectloc = LOC_INVALID, flags = [], cmplx = 4
         (loadn, resultdef = LongWord = "DWord", pos = (17,2), loc = LOC_INVALID, expectloc = LOC_INVALID, flags = [nf_write], cmplx = 1
            nil
            symbol = X
         )
         (addn, resultdef = LongWord = "DWord", pos = (17,9), loc = LOC_INVALID, expectloc = LOC_INVALID, flags = [], cmplx = 2
            (ordconstn, resultdef = LongWord = "DWord", pos = (17,7), loc = LOC_INVALID, expectloc = LOC_INVALID, flags = [nf_explicit], cmplx = 0
               value = 5
            )
            (loadn, resultdef = LongWord = "DWord", pos = (17,11), loc = LOC_INVALID, expectloc = LOC_INVALID, flags = [], cmplx = 1
               nil
               symbol = Y
            )
         )
      )

   )
   (statementn, resultdef = <nil>, pos = (18,14), loc = LOC_INVALID, expectloc = LOC_INVALID, flags = [], cmplx = 255
      (assignn, resultdef = $void = "untyped", pos = (18,2), loc = LOC_INVALID, expectloc = LOC_INVALID, flags = [], cmplx = 255
         (loadn, resultdef = LongWord = "DWord", pos = (18,2), loc = LOC_INVALID, expectloc = LOC_INVALID, flags = [nf_write], cmplx = 1
            nil
            symbol = X
         )
         (calln, resultdef = LongWord = "DWord", pos = (18,7), loc = LOC_INVALID, expectloc = LOC_INVALID, flags = [], cmplx = 255
            proc = test(LongWord):DWord;
            left =
            (callparan, resultdef = LongWord = "DWord", pos = (18,13), loc = LOC_INVALID, expectloc = LOC_INVALID, flags = [], cmplx = 2
               (loadn, resultdef = LongWord = "DWord", pos = (18,13), loc = LOC_INVALID, expectloc = LOC_INVALID, flags = [], cmplx = 1
                  nil
                  symbol = Y
               )

            )
         )
      )

   )
   (statementn, resultdef = <nil>, pos = (19,12), loc = LOC_INVALID, expectloc = LOC_INVALID, flags = [], cmplx = 255
      (blockn, resultdef = $void = "untyped", pos = (19,2), loc = LOC_INVALID, expectloc = LOC_INVALID, flags = [], cmplx = 255
         (statementn, resultdef = <nil>, pos = (19,2), loc = LOC_INVALID, expectloc = LOC_INVALID, flags = [], cmplx = 255
            (nothingn, resultdef = $void = "untyped", pos = (19,2), loc = LOC_INVALID, expectloc = LOC_INVALID, flags = [], cmplx = 0
            )

         )
         (statementn, resultdef = <nil>, pos = (19,2), loc = LOC_INVALID, expectloc = LOC_INVALID, flags = [], cmplx = 255
            (tempcreaten, resultdef = $void = "untyped", pos = (19,2), loc = LOC_INVALID, expectloc = LOC_INVALID, flags = [], cmplx = 0
               size = 8, temptypedef = Pointer = "^untyped", tempinfo = $00007FEB38293340
               [ti_may_be_in_reg]
               tempinit =
               nil
            )

         )
         (statementn, resultdef = <nil>, pos = (19,2), loc = LOC_INVALID, expectloc = LOC_INVALID, flags = [], cmplx = 255
            (assignn, resultdef = $void = "untyped", pos = (19,2), loc = LOC_INVALID, expectloc = LOC_INVALID, flags = [], cmplx = 255
               (temprefn, resultdef = Pointer = "^untyped", pos = (19,2), loc = LOC_INVALID, expectloc = LOC_INVALID, flags = [nf_write], cmplx = 1
                  temptypedef = Pointer = "^untyped", (tempinfo = $00007FEB38293340 flags = [ti_may_be_in_reg])
               )
               (typeconvn, resultdef = Pointer = "^untyped", pos = (19,2), loc = LOC_INVALID, expectloc = LOC_INVALID, flags = [], cmplx = 255, convtype = tc_equal, convnodeflags = []
                  (calln, resultdef = PText = "^Text", pos = (19,2), loc = LOC_INVALID, expectloc = LOC_INVALID, flags = [], cmplx = 255
                     proc = $fpc_get_output:^Text;
                  )
               )
            )

         )
         (statementn, resultdef = <nil>, pos = (19,2), loc = LOC_INVALID, expectloc = LOC_INVALID, flags = [], cmplx = 255
            (calln, resultdef = $void = "untyped", pos = (19,2), loc = LOC_INVALID, expectloc = LOC_INVALID, flags = [], cmplx = 255
               proc = $fpc_write_text_uint(LongInt;var Text;QWord);
               left =
               (callparan, resultdef = QWord = "QWord", pos = (19,11), loc = LOC_INVALID, expectloc = LOC_INVALID, flags = [], cmplx = 3
                  (typeconvn, resultdef = QWord = "QWord", pos = (19,11), loc = LOC_INVALID, expectloc = LOC_INVALID, flags = [], cmplx = 2, convtype = tc_int_2_int, convnodeflags = []
                     (loadn, resultdef = LongWord = "DWord", pos = (19,11), loc = LOC_INVALID, expectloc = LOC_INVALID, flags = [], cmplx = 1
                        nil
                        symbol = X
                     )
                  )

               )
               (callparan, resultdef = Text = "Text", pos = (19,2), loc = LOC_INVALID, expectloc = LOC_INVALID, flags = [], cmplx = 1
                  (typeconvn, resultdef = Text = "Text", pos = (19,2), loc = LOC_INVALID, expectloc = LOC_INVALID, flags = [nf_explicit,nf_internal], cmplx = 1, convtype = tc_equal, convnodeflags = []
                     (derefn, resultdef = $void = "untyped", pos = (19,2), loc = LOC_INVALID, expectloc = LOC_INVALID, flags = [], cmplx = 1
                        (temprefn, resultdef = Pointer = "^untyped", pos = (19,2), loc = LOC_INVALID, expectloc = LOC_INVALID, flags = [], cmplx = 1
                           temptypedef = Pointer = "^untyped", (tempinfo = $00007FEB38293340 flags = [ti_may_be_in_reg])
                        )
                     )
                  )

               )
               (callparan, resultdef = LongInt = "LongInt", pos = (19,2), loc = LOC_INVALID, expectloc = LOC_INVALID, flags = [], cmplx = 1
                  (ordconstn, resultdef = LongInt = "LongInt", pos = (19,2), loc = LOC_INVALID, expectloc = LOC_INVALID, flags = [], cmplx = 0
                     value = 0
                  )

               )
            )

         )
         (statementn, resultdef = <nil>, pos = (19,2), loc = LOC_INVALID, expectloc = LOC_INVALID, flags = [], cmplx = 255
            (calln, resultdef = $void = "untyped", pos = (19,2), loc = LOC_INVALID, expectloc = LOC_INVALID, flags = [], cmplx = 255
               proc = $fpc_writeln_end(var Text);
               left =
               (callparan, resultdef = Text = "Text", pos = (19,2), loc = LOC_INVALID, expectloc = LOC_INVALID, flags = [], cmplx = 1
                  (typeconvn, resultdef = Text = "Text", pos = (19,2), loc = LOC_INVALID, expectloc = LOC_INVALID, flags = [nf_explicit,nf_internal], cmplx = 1, convtype = tc_equal, convnodeflags = []
                     (derefn, resultdef = $void = "untyped", pos = (19,2), loc = LOC_INVALID, expectloc = LOC_INVALID, flags = [], cmplx = 1
                        (temprefn, resultdef = Pointer = "^untyped", pos = (19,2), loc = LOC_INVALID, expectloc = LOC_INVALID, flags = [], cmplx = 1
                           temptypedef = Pointer = "^untyped", (tempinfo = $00007FEB38293340 flags = [ti_may_be_in_reg])
                        )
                     )
                  )

               )
            )

         )
         (statementn, resultdef = <nil>, pos = (19,2), loc = LOC_INVALID, expectloc = LOC_INVALID, flags = [], cmplx = 0
            (tempdeleten, resultdef = $void = "untyped", pos = (19,2), loc = LOC_INVALID, expectloc = LOC_INVALID, flags = [], cmplx = 0
               release_to_normal: FALSE, temptypedef = Pointer = "^untyped", temptype = tt_persistent, tempinfo = $00007FEB38293340
            )

         )
      )

   )
)

*******************************************************************************
after the firstpass
$main; Register;
*******************************************************************************
(blockn, resultdef = $void = "untyped", pos = (15,1), loc = LOC_INVALID, expectloc = LOC_VOID, flags = [nf_pass1_done,nf_usercode_entry], cmplx = 255
   (statementn, resultdef = <nil>, pos = (16,8), loc = LOC_INVALID, expectloc = LOC_VOID, flags = [], cmplx = 255
      (assignn, resultdef = $void = "untyped", pos = (16,2), loc = LOC_INVALID, expectloc = LOC_VOID, flags = [nf_pass1_done], cmplx = 2
         (loadn, resultdef = LongWord = "DWord", pos = (16,2), loc = LOC_INVALID, expectloc = LOC_REF, flags = [nf_pass1_done,nf_write], cmplx = 1
            nil
            symbol = Y
         )
         (ordconstn, resultdef = LongWord = "DWord", pos = (16,7), loc = LOC_INVALID, expectloc = LOC_CONST, flags = [nf_pass1_done], cmplx = 0
            value = 6
         )
      )

   )
   (statementn, resultdef = <nil>, pos = (17,12), loc = LOC_INVALID, expectloc = LOC_VOID, flags = [], cmplx = 255
      (assignn, resultdef = $void = "untyped", pos = (17,2), loc = LOC_INVALID, expectloc = LOC_VOID, flags = [nf_pass1_done], cmplx = 4
         (loadn, resultdef = LongWord = "DWord", pos = (17,2), loc = LOC_INVALID, expectloc = LOC_REF, flags = [nf_pass1_done,nf_write], cmplx = 1
            nil
            symbol = X
         )
         (addn, resultdef = LongWord = "DWord", pos = (17,9), loc = LOC_INVALID, expectloc = LOC_REG, flags = [nf_pass1_done], cmplx = 2
            (ordconstn, resultdef = LongWord = "DWord", pos = (17,7), loc = LOC_INVALID, expectloc = LOC_CONST, flags = [nf_pass1_done,nf_explicit], cmplx = 0
               value = 5
            )
            (loadn, resultdef = LongWord = "DWord", pos = (17,11), loc = LOC_INVALID, expectloc = LOC_REF, flags = [nf_pass1_done], cmplx = 1
               nil
               symbol = Y
            )
         )
      )

   )
   (statementn, resultdef = <nil>, pos = (18,14), loc = LOC_INVALID, expectloc = LOC_VOID, flags = [], cmplx = 255
      (assignn, resultdef = $void = "untyped", pos = (18,2), loc = LOC_INVALID, expectloc = LOC_VOID, flags = [nf_pass1_done], cmplx = 255
         (loadn, resultdef = LongWord = "DWord", pos = (18,2), loc = LOC_INVALID, expectloc = LOC_REF, flags = [nf_pass1_done,nf_write], cmplx = 1
            nil
            symbol = X
         )
         (calln, resultdef = LongWord = "DWord", pos = (18,7), loc = LOC_INVALID, expectloc = LOC_REG, flags = [nf_pass1_done], cmplx = 255
            proc = test(LongWord):DWord;
            left =
            (callparan, resultdef = LongWord = "DWord", pos = (18,13), loc = LOC_INVALID, expectloc = LOC_REF, flags = [], cmplx = 2
               (loadn, resultdef = LongWord = "DWord", pos = (18,13), loc = LOC_INVALID, expectloc = LOC_REF, flags = [nf_pass1_done], cmplx = 1
                  nil
                  symbol = Y
               )

            )
         )
      )

   )
   (statementn, resultdef = <nil>, pos = (19,12), loc = LOC_INVALID, expectloc = LOC_VOID, flags = [], cmplx = 255
      (blockn, resultdef = $void = "untyped", pos = (19,2), loc = LOC_INVALID, expectloc = LOC_VOID, flags = [nf_pass1_done], cmplx = 255
         (statementn, resultdef = <nil>, pos = (19,2), loc = LOC_INVALID, expectloc = LOC_VOID, flags = [], cmplx = 255
            (nothingn, resultdef = $void = "untyped", pos = (19,2), loc = LOC_INVALID, expectloc = LOC_VOID, flags = [nf_pass1_done], cmplx = 0
            )

         )
         (statementn, resultdef = <nil>, pos = (19,2), loc = LOC_INVALID, expectloc = LOC_VOID, flags = [], cmplx = 255
            (tempcreaten, resultdef = $void = "untyped", pos = (19,2), loc = LOC_INVALID, expectloc = LOC_VOID, flags = [nf_pass1_done], cmplx = 0
               size = 8, temptypedef = Pointer = "^untyped", tempinfo = $00007FEB38293340
               [ti_may_be_in_reg]
               tempinit =
               nil
            )

         )
         (statementn, resultdef = <nil>, pos = (19,2), loc = LOC_INVALID, expectloc = LOC_VOID, flags = [], cmplx = 255
            (assignn, resultdef = $void = "untyped", pos = (19,2), loc = LOC_INVALID, expectloc = LOC_VOID, flags = [nf_pass1_done], cmplx = 255
               (temprefn, resultdef = Pointer = "^untyped", pos = (19,2), loc = LOC_INVALID, expectloc = LOC_CREG, flags = [nf_pass1_done,nf_write], cmplx = 1
                  temptypedef = Pointer = "^untyped", (tempinfo = $00007FEB38293340 flags = [ti_may_be_in_reg])
               )
               (typeconvn, resultdef = Pointer = "^untyped", pos = (19,2), loc = LOC_INVALID, expectloc = LOC_REG, flags = [nf_pass1_done], cmplx = 255, convtype = tc_equal, convnodeflags = []
                  (calln, resultdef = PText = "^Text", pos = (19,2), loc = LOC_INVALID, expectloc = LOC_REG, flags = [nf_pass1_done], cmplx = 255
                     proc = $fpc_get_output:^Text;
                  )
               )
            )

         )
         (statementn, resultdef = <nil>, pos = (19,2), loc = LOC_INVALID, expectloc = LOC_VOID, flags = [], cmplx = 255
            (calln, resultdef = $void = "untyped", pos = (19,2), loc = LOC_INVALID, expectloc = LOC_VOID, flags = [nf_pass1_done], cmplx = 255
               proc = $fpc_write_text_uint(LongInt;var Text;QWord);
               left =
               (callparan, resultdef = QWord = "QWord", pos = (19,11), loc = LOC_INVALID, expectloc = LOC_REG, flags = [], cmplx = 3
                  (typeconvn, resultdef = QWord = "QWord", pos = (19,11), loc = LOC_INVALID, expectloc = LOC_REG, flags = [nf_pass1_done], cmplx = 2, convtype = tc_int_2_int, convnodeflags = []
                     (loadn, resultdef = LongWord = "DWord", pos = (19,11), loc = LOC_INVALID, expectloc = LOC_REF, flags = [nf_pass1_done], cmplx = 1
                        nil
                        symbol = X
                     )
                  )

               )
               (callparan, resultdef = Text = "Text", pos = (19,2), loc = LOC_INVALID, expectloc = LOC_REF, flags = [], cmplx = 1
                  (typeconvn, resultdef = Text = "Text", pos = (19,2), loc = LOC_INVALID, expectloc = LOC_REF, flags = [nf_pass1_done,nf_explicit,nf_internal], cmplx = 1, convtype = tc_equal, convnodeflags = []
                     (derefn, resultdef = $void = "untyped", pos = (19,2), loc = LOC_INVALID, expectloc = LOC_REF, flags = [nf_pass1_done], cmplx = 1
                        (temprefn, resultdef = Pointer = "^untyped", pos = (19,2), loc = LOC_INVALID, expectloc = LOC_CREG, flags = [nf_pass1_done], cmplx = 1
                           temptypedef = Pointer = "^untyped", (tempinfo = $00007FEB38293340 flags = [ti_may_be_in_reg])
                        )
                     )
                  )

               )
               (callparan, resultdef = LongInt = "LongInt", pos = (19,2), loc = LOC_INVALID, expectloc = LOC_CONST, flags = [], cmplx = 1
                  (ordconstn, resultdef = LongInt = "LongInt", pos = (19,2), loc = LOC_INVALID, expectloc = LOC_CONST, flags = [nf_pass1_done], cmplx = 0
                     value = 0
                  )

               )
            )

         )
         (statementn, resultdef = <nil>, pos = (19,2), loc = LOC_INVALID, expectloc = LOC_VOID, flags = [], cmplx = 255
            (calln, resultdef = $void = "untyped", pos = (19,2), loc = LOC_INVALID, expectloc = LOC_VOID, flags = [nf_pass1_done], cmplx = 255
               proc = $fpc_writeln_end(var Text);
               left =
               (callparan, resultdef = Text = "Text", pos = (19,2), loc = LOC_INVALID, expectloc = LOC_REF, flags = [], cmplx = 1
                  (typeconvn, resultdef = Text = "Text", pos = (19,2), loc = LOC_INVALID, expectloc = LOC_REF, flags = [nf_pass1_done,nf_explicit,nf_internal], cmplx = 1, convtype = tc_equal, convnodeflags = []
                     (derefn, resultdef = $void = "untyped", pos = (19,2), loc = LOC_INVALID, expectloc = LOC_REF, flags = [nf_pass1_done], cmplx = 1
                        (temprefn, resultdef = Pointer = "^untyped", pos = (19,2), loc = LOC_INVALID, expectloc = LOC_CREG, flags = [nf_pass1_done], cmplx = 1
                           temptypedef = Pointer = "^untyped", (tempinfo = $00007FEB38293340 flags = [ti_may_be_in_reg])
                        )
                     )
                  )

               )
            )

         )
         (statementn, resultdef = <nil>, pos = (19,2), loc = LOC_INVALID, expectloc = LOC_VOID, flags = [], cmplx = 0
            (tempdeleten, resultdef = $void = "untyped", pos = (19,2), loc = LOC_INVALID, expectloc = LOC_VOID, flags = [nf_pass1_done], cmplx = 0
               release_to_normal: FALSE, temptypedef = Pointer = "^untyped", temptype = tt_persistent, tempinfo = $00007FEB38293340
            )

         )
      )

   )
)

*******************************************************************************
right before code generation
$main; Register;
*******************************************************************************
(blockn, resultdef = $void = "untyped", pos = (15,1), loc = LOC_INVALID, expectloc = LOC_VOID, flags = [nf_pass1_done], cmplx = 255
   (statementn, resultdef = <nil>, pos = (15,1), loc = LOC_INVALID, expectloc = LOC_VOID, flags = [], cmplx = 255
      (nothingn, resultdef = $void = "untyped", pos = (15,1), loc = LOC_INVALID, expectloc = LOC_VOID, flags = [nf_pass1_done], cmplx = 0
      )

   )
   (statementn, resultdef = <nil>, pos = (15,1), loc = LOC_INVALID, expectloc = LOC_VOID, flags = [], cmplx = 255
      (asmn, resultdef = $void = "untyped", pos = (15,1), loc = LOC_INVALID, expectloc = LOC_VOID, flags = [nf_pass1_done,nf_get_asm_position], cmplx = 255
      )

   )
   (statementn, resultdef = <nil>, pos = (15,1), loc = LOC_INVALID, expectloc = LOC_VOID, flags = [], cmplx = 255
      (asmn, resultdef = $void = "untyped", pos = (15,1), loc = LOC_INVALID, expectloc = LOC_VOID, flags = [nf_pass1_done,nf_get_asm_position], cmplx = 255
      )

   )
   (statementn, resultdef = <nil>, pos = (15,1), loc = LOC_INVALID, expectloc = LOC_VOID, flags = [], cmplx = 255
      (asmn, resultdef = $void = "untyped", pos = (15,1), loc = LOC_INVALID, expectloc = LOC_VOID, flags = [nf_pass1_done,nf_get_asm_position], cmplx = 255
      )

   )
   (statementn, resultdef = <nil>, pos = (15,1), loc = LOC_INVALID, expectloc = LOC_VOID, flags = [], cmplx = 255
      (asmn, resultdef = $void = "untyped", pos = (15,1), loc = LOC_INVALID, expectloc = LOC_VOID, flags = [nf_pass1_done,nf_get_asm_position], cmplx = 255
      )

   )
   (statementn, resultdef = <nil>, pos = (15,1), loc = LOC_INVALID, expectloc = LOC_VOID, flags = [], cmplx = 255
      (blockn, resultdef = $void = "untyped", pos = (15,1), loc = LOC_INVALID, expectloc = LOC_VOID, flags = [nf_pass1_done], cmplx = 0
         nil
      )

   )
   (statementn, resultdef = <nil>, pos = (15,1), loc = LOC_INVALID, expectloc = LOC_VOID, flags = [], cmplx = 255
      (blockn, resultdef = $void = "untyped", pos = (15,1), loc = LOC_INVALID, expectloc = LOC_VOID, flags = [nf_pass1_done,nf_usercode_entry], cmplx = 255
         (statementn, resultdef = <nil>, pos = (16,8), loc = LOC_INVALID, expectloc = LOC_VOID, flags = [], cmplx = 255
            (assignn, resultdef = $void = "untyped", pos = (16,2), loc = LOC_INVALID, expectloc = LOC_VOID, flags = [nf_pass1_done], cmplx = 2
               (loadn, resultdef = LongWord = "DWord", pos = (16,2), loc = LOC_INVALID, expectloc = LOC_REF, flags = [nf_pass1_done,nf_write], cmplx = 1
                  nil
                  symbol = Y
               )
               (ordconstn, resultdef = LongWord = "DWord", pos = (16,7), loc = LOC_INVALID, expectloc = LOC_CONST, flags = [nf_pass1_done], cmplx = 0
                  value = 6
               )
            )

         )
         (statementn, resultdef = <nil>, pos = (17,12), loc = LOC_INVALID, expectloc = LOC_VOID, flags = [], cmplx = 255
            (assignn, resultdef = $void = "untyped", pos = (17,2), loc = LOC_INVALID, expectloc = LOC_VOID, flags = [nf_pass1_done], cmplx = 4
               (loadn, resultdef = LongWord = "DWord", pos = (17,2), loc = LOC_INVALID, expectloc = LOC_REF, flags = [nf_pass1_done,nf_write], cmplx = 1
                  nil
                  symbol = X
               )
               (addn, resultdef = LongWord = "DWord", pos = (17,9), loc = LOC_INVALID, expectloc = LOC_REG, flags = [nf_pass1_done], cmplx = 2
                  (ordconstn, resultdef = LongWord = "DWord", pos = (17,7), loc = LOC_INVALID, expectloc = LOC_CONST, flags = [nf_pass1_done,nf_explicit], cmplx = 0
                     value = 5
                  )
                  (loadn, resultdef = LongWord = "DWord", pos = (17,11), loc = LOC_INVALID, expectloc = LOC_REF, flags = [nf_pass1_done], cmplx = 1
                     nil
                     symbol = Y
                  )
               )
            )

         )
         (statementn, resultdef = <nil>, pos = (18,14), loc = LOC_INVALID, expectloc = LOC_VOID, flags = [], cmplx = 255
            (assignn, resultdef = $void = "untyped", pos = (18,2), loc = LOC_INVALID, expectloc = LOC_VOID, flags = [nf_pass1_done], cmplx = 255
               (loadn, resultdef = LongWord = "DWord", pos = (18,2), loc = LOC_INVALID, expectloc = LOC_REF, flags = [nf_pass1_done,nf_write], cmplx = 1
                  nil
                  symbol = X
               )
               (calln, resultdef = LongWord = "DWord", pos = (18,7), loc = LOC_INVALID, expectloc = LOC_REG, flags = [nf_pass1_done], cmplx = 255
                  proc = test(LongWord):DWord;
                  left =
                  (callparan, resultdef = LongWord = "DWord", pos = (18,13), loc = LOC_INVALID, expectloc = LOC_REF, flags = [], cmplx = 2
                     (loadn, resultdef = LongWord = "DWord", pos = (18,13), loc = LOC_INVALID, expectloc = LOC_REF, flags = [nf_pass1_done], cmplx = 1
                        nil
                        symbol = Y
                     )

                  )
               )
            )

         )
         (statementn, resultdef = <nil>, pos = (19,12), loc = LOC_INVALID, expectloc = LOC_VOID, flags = [], cmplx = 255
            (blockn, resultdef = $void = "untyped", pos = (19,2), loc = LOC_INVALID, expectloc = LOC_VOID, flags = [nf_pass1_done], cmplx = 255
               (statementn, resultdef = <nil>, pos = (19,2), loc = LOC_INVALID, expectloc = LOC_VOID, flags = [], cmplx = 255
                  (nothingn, resultdef = $void = "untyped", pos = (19,2), loc = LOC_INVALID, expectloc = LOC_VOID, flags = [nf_pass1_done], cmplx = 0
                  )

               )
               (statementn, resultdef = <nil>, pos = (19,2), loc = LOC_INVALID, expectloc = LOC_VOID, flags = [], cmplx = 255
                  (tempcreaten, resultdef = $void = "untyped", pos = (19,2), loc = LOC_INVALID, expectloc = LOC_VOID, flags = [nf_pass1_done], cmplx = 0
                     size = 8, temptypedef = Pointer = "^untyped", tempinfo = $00007FEB38293340
                     [ti_may_be_in_reg]
                     tempinit =
                     nil
                  )

               )
               (statementn, resultdef = <nil>, pos = (19,2), loc = LOC_INVALID, expectloc = LOC_VOID, flags = [], cmplx = 255
                  (assignn, resultdef = $void = "untyped", pos = (19,2), loc = LOC_INVALID, expectloc = LOC_VOID, flags = [nf_pass1_done], cmplx = 255
                     (temprefn, resultdef = Pointer = "^untyped", pos = (19,2), loc = LOC_INVALID, expectloc = LOC_CREG, flags = [nf_pass1_done,nf_write], cmplx = 1
                        temptypedef = Pointer = "^untyped", (tempinfo = $00007FEB38293340 flags = [ti_may_be_in_reg])
                     )
                     (typeconvn, resultdef = Pointer = "^untyped", pos = (19,2), loc = LOC_INVALID, expectloc = LOC_REG, flags = [nf_pass1_done], cmplx = 255, convtype = tc_equal, convnodeflags = []
                        (calln, resultdef = PText = "^Text", pos = (19,2), loc = LOC_INVALID, expectloc = LOC_REG, flags = [nf_pass1_done], cmplx = 255
                           proc = $fpc_get_output:^Text;
                        )
                     )
                  )

               )
               (statementn, resultdef = <nil>, pos = (19,2), loc = LOC_INVALID, expectloc = LOC_VOID, flags = [], cmplx = 255
                  (calln, resultdef = $void = "untyped", pos = (19,2), loc = LOC_INVALID, expectloc = LOC_VOID, flags = [nf_pass1_done], cmplx = 255
                     proc = $fpc_write_text_uint(LongInt;var Text;QWord);
                     left =
                     (callparan, resultdef = QWord = "QWord", pos = (19,11), loc = LOC_INVALID, expectloc = LOC_REG, flags = [], cmplx = 3
                        (typeconvn, resultdef = QWord = "QWord", pos = (19,11), loc = LOC_INVALID, expectloc = LOC_REG, flags = [nf_pass1_done], cmplx = 2, convtype = tc_int_2_int, convnodeflags = []
                           (loadn, resultdef = LongWord = "DWord", pos = (19,11), loc = LOC_INVALID, expectloc = LOC_REF, flags = [nf_pass1_done], cmplx = 1
                              nil
                              symbol = X
                           )
                        )

                     )
                     (callparan, resultdef = Text = "Text", pos = (19,2), loc = LOC_INVALID, expectloc = LOC_REF, flags = [], cmplx = 1
                        (typeconvn, resultdef = Text = "Text", pos = (19,2), loc = LOC_INVALID, expectloc = LOC_REF, flags = [nf_pass1_done,nf_explicit,nf_internal], cmplx = 1, convtype = tc_equal, convnodeflags = []
                           (derefn, resultdef = $void = "untyped", pos = (19,2), loc = LOC_INVALID, expectloc = LOC_REF, flags = [nf_pass1_done], cmplx = 1
                              (temprefn, resultdef = Pointer = "^untyped", pos = (19,2), loc = LOC_INVALID, expectloc = LOC_CREG, flags = [nf_pass1_done], cmplx = 1
                                 temptypedef = Pointer = "^untyped", (tempinfo = $00007FEB38293340 flags = [ti_may_be_in_reg])
                              )
                           )
                        )

                     )
                     (callparan, resultdef = LongInt = "LongInt", pos = (19,2), loc = LOC_INVALID, expectloc = LOC_CONST, flags = [], cmplx = 1
                        (ordconstn, resultdef = LongInt = "LongInt", pos = (19,2), loc = LOC_INVALID, expectloc = LOC_CONST, flags = [nf_pass1_done], cmplx = 0
                           value = 0
                        )

                     )
                  )

               )
               (statementn, resultdef = <nil>, pos = (19,2), loc = LOC_INVALID, expectloc = LOC_VOID, flags = [], cmplx = 255
                  (calln, resultdef = $void = "untyped", pos = (19,2), loc = LOC_INVALID, expectloc = LOC_VOID, flags = [nf_pass1_done], cmplx = 255
                     proc = $fpc_writeln_end(var Text);
                     left =
                     (callparan, resultdef = Text = "Text", pos = (19,2), loc = LOC_INVALID, expectloc = LOC_REF, flags = [], cmplx = 1
                        (typeconvn, resultdef = Text = "Text", pos = (19,2), loc = LOC_INVALID, expectloc = LOC_REF, flags = [nf_pass1_done,nf_explicit,nf_internal], cmplx = 1, convtype = tc_equal, convnodeflags = []
                           (derefn, resultdef = $void = "untyped", pos = (19,2), loc = LOC_INVALID, expectloc = LOC_REF, flags = [nf_pass1_done], cmplx = 1
                              (temprefn, resultdef = Pointer = "^untyped", pos = (19,2), loc = LOC_INVALID, expectloc = LOC_CREG, flags = [nf_pass1_done], cmplx = 1
                                 temptypedef = Pointer = "^untyped", (tempinfo = $00007FEB38293340 flags = [ti_may_be_in_reg])
                              )
                           )
                        )

                     )
                  )

               )
               (statementn, resultdef = <nil>, pos = (19,2), loc = LOC_INVALID, expectloc = LOC_VOID, flags = [], cmplx = 0
                  (tempdeleten, resultdef = $void = "untyped", pos = (19,2), loc = LOC_INVALID, expectloc = LOC_VOID, flags = [nf_pass1_done], cmplx = 0
                     release_to_normal: FALSE, temptypedef = Pointer = "^untyped", temptype = tt_persistent, tempinfo = $00007FEB38293340
                  )

               )
            )

         )
      )

   )
   (statementn, resultdef = <nil>, pos = (20,1), loc = LOC_INVALID, expectloc = LOC_VOID, flags = [], cmplx = 255
      (asmn, resultdef = $void = "untyped", pos = (20,1), loc = LOC_INVALID, expectloc = LOC_VOID, flags = [nf_pass1_done,nf_get_asm_position], cmplx = 255
      )

   )
   (statementn, resultdef = <nil>, pos = (20,1), loc = LOC_INVALID, expectloc = LOC_VOID, flags = [], cmplx = 255
      (blockn, resultdef = $void = "untyped", pos = (20,1), loc = LOC_INVALID, expectloc = LOC_VOID, flags = [nf_pass1_done], cmplx = 0
         nil
      )

   )
   (statementn, resultdef = <nil>, pos = (20,1), loc = LOC_INVALID, expectloc = LOC_VOID, flags = [], cmplx = 255
      (asmn, resultdef = $void = "untyped", pos = (20,1), loc = LOC_INVALID, expectloc = LOC_VOID, flags = [nf_pass1_done,nf_get_asm_position], cmplx = 255
      )

   )
)
