
*******************************************************************************
after parsing
$main; Register;
*******************************************************************************
(blockn, resultdef = $void = "untyped", pos = (6,1), loc = LOC_INVALID, expectloc = LOC_INVALID, flags = [], cmplx = 2
   (statementn, resultdef = <nil>, pos = (7,8), loc = LOC_INVALID, expectloc = LOC_INVALID, flags = [], cmplx = 2
      (assignn, resultdef = $void = "untyped", pos = (7,2), loc = LOC_INVALID, expectloc = LOC_INVALID, flags = [], cmplx = 2
         (loadn, resultdef = LongWord = "DWord", pos = (7,2), loc = LOC_INVALID, expectloc = LOC_INVALID, flags = [nf_write], cmplx = 1
            nil
            symbol = X
         )
         (ordconstn, resultdef = LongWord = "DWord", pos = (7,7), loc = LOC_INVALID, expectloc = LOC_INVALID, flags = [], cmplx = 0
            value = 5
         )
      )

   )
)

*******************************************************************************
after the firstpass
$main; Register;
*******************************************************************************
(blockn, resultdef = $void = "untyped", pos = (6,1), loc = LOC_INVALID, expectloc = LOC_VOID, flags = [nf_pass1_done,nf_usercode_entry], cmplx = 2
   (statementn, resultdef = <nil>, pos = (7,8), loc = LOC_INVALID, expectloc = LOC_VOID, flags = [], cmplx = 2
      (assignn, resultdef = $void = "untyped", pos = (7,2), loc = LOC_INVALID, expectloc = LOC_VOID, flags = [nf_pass1_done], cmplx = 2
         (loadn, resultdef = LongWord = "DWord", pos = (7,2), loc = LOC_INVALID, expectloc = LOC_REF, flags = [nf_pass1_done,nf_write], cmplx = 1
            nil
            symbol = X
         )
         (ordconstn, resultdef = LongWord = "DWord", pos = (7,7), loc = LOC_INVALID, expectloc = LOC_CONST, flags = [nf_pass1_done], cmplx = 0
            value = 5
         )
      )

   )
)

*******************************************************************************
right before code generation
$main; Register;
*******************************************************************************
(blockn, resultdef = $void = "untyped", pos = (6,1), loc = LOC_INVALID, expectloc = LOC_VOID, flags = [nf_pass1_done], cmplx = 255
   (statementn, resultdef = <nil>, pos = (6,1), loc = LOC_INVALID, expectloc = LOC_VOID, flags = [], cmplx = 255
      (nothingn, resultdef = $void = "untyped", pos = (6,1), loc = LOC_INVALID, expectloc = LOC_VOID, flags = [nf_pass1_done], cmplx = 0
      )

   )
   (statementn, resultdef = <nil>, pos = (6,1), loc = LOC_INVALID, expectloc = LOC_VOID, flags = [], cmplx = 255
      (asmn, resultdef = $void = "untyped", pos = (6,1), loc = LOC_INVALID, expectloc = LOC_VOID, flags = [nf_pass1_done,nf_get_asm_position], cmplx = 255
      )

   )
   (statementn, resultdef = <nil>, pos = (6,1), loc = LOC_INVALID, expectloc = LOC_VOID, flags = [], cmplx = 255
      (asmn, resultdef = $void = "untyped", pos = (6,1), loc = LOC_INVALID, expectloc = LOC_VOID, flags = [nf_pass1_done,nf_get_asm_position], cmplx = 255
      )

   )
   (statementn, resultdef = <nil>, pos = (6,1), loc = LOC_INVALID, expectloc = LOC_VOID, flags = [], cmplx = 255
      (asmn, resultdef = $void = "untyped", pos = (6,1), loc = LOC_INVALID, expectloc = LOC_VOID, flags = [nf_pass1_done,nf_get_asm_position], cmplx = 255
      )

   )
   (statementn, resultdef = <nil>, pos = (6,1), loc = LOC_INVALID, expectloc = LOC_VOID, flags = [], cmplx = 255
      (asmn, resultdef = $void = "untyped", pos = (6,1), loc = LOC_INVALID, expectloc = LOC_VOID, flags = [nf_pass1_done,nf_get_asm_position], cmplx = 255
      )

   )
   (statementn, resultdef = <nil>, pos = (6,1), loc = LOC_INVALID, expectloc = LOC_VOID, flags = [], cmplx = 255
      (blockn, resultdef = $void = "untyped", pos = (6,1), loc = LOC_INVALID, expectloc = LOC_VOID, flags = [nf_pass1_done], cmplx = 0
         nil
      )

   )
   (statementn, resultdef = <nil>, pos = (6,1), loc = LOC_INVALID, expectloc = LOC_VOID, flags = [], cmplx = 255
      (blockn, resultdef = $void = "untyped", pos = (6,1), loc = LOC_INVALID, expectloc = LOC_VOID, flags = [nf_pass1_done,nf_usercode_entry], cmplx = 2
         (statementn, resultdef = <nil>, pos = (7,8), loc = LOC_INVALID, expectloc = LOC_VOID, flags = [], cmplx = 2
            (assignn, resultdef = $void = "untyped", pos = (7,2), loc = LOC_INVALID, expectloc = LOC_VOID, flags = [nf_pass1_done], cmplx = 2
               (loadn, resultdef = LongWord = "DWord", pos = (7,2), loc = LOC_INVALID, expectloc = LOC_REF, flags = [nf_pass1_done,nf_write], cmplx = 1
                  nil
                  symbol = X
               )
               (ordconstn, resultdef = LongWord = "DWord", pos = (7,7), loc = LOC_INVALID, expectloc = LOC_CONST, flags = [nf_pass1_done], cmplx = 0
                  value = 5
               )
            )

         )
      )

   )
   (statementn, resultdef = <nil>, pos = (8,1), loc = LOC_INVALID, expectloc = LOC_VOID, flags = [], cmplx = 255
      (asmn, resultdef = $void = "untyped", pos = (8,1), loc = LOC_INVALID, expectloc = LOC_VOID, flags = [nf_pass1_done,nf_get_asm_position], cmplx = 255
      )

   )
   (statementn, resultdef = <nil>, pos = (8,1), loc = LOC_INVALID, expectloc = LOC_VOID, flags = [], cmplx = 255
      (blockn, resultdef = $void = "untyped", pos = (8,1), loc = LOC_INVALID, expectloc = LOC_VOID, flags = [nf_pass1_done], cmplx = 0
         nil
      )

   )
   (statementn, resultdef = <nil>, pos = (8,1), loc = LOC_INVALID, expectloc = LOC_VOID, flags = [], cmplx = 255
      (asmn, resultdef = $void = "untyped", pos = (8,1), loc = LOC_INVALID, expectloc = LOC_VOID, flags = [nf_pass1_done,nf_get_asm_position], cmplx = 255
      )

   )
)
